TN:
SF:src\app\controllers\AvatarFileController.js
FN:1,Object.<anonymous>
FN:2,_interopRequireDefault
FN:19,store
FNF:3
FNH:2
FNDA:3,Object.<anonymous>
FNDA:6,_interopRequireDefault
FNDA:0,store
DA:1,3
DA:2,3
DA:3,6
DA:4,6
DA:5,6
DA:6,3
DA:7,3
DA:8,3
DA:9,3
DA:10,3
DA:11,3
DA:12,3
DA:13,3
DA:14,3
DA:15,3
DA:16,3
DA:17,3
DA:18,3
DA:19,3
DA:20,0
DA:21,0
DA:22,0
DA:23,0
LF:23
LH:19
BRDA:1,0,0,3
BRDA:1,1,0,3
BRDA:2,2,0,6
BRDA:6,3,0,0
BRF:4
BRH:3
end_of_record
TN:
SF:src\app\controllers\FavoriteItems.js
FN:1,Object.<anonymous>
FN:2,_interopRequireDefault
FN:11,AddItem
FN:37,RemoveItem
FNF:4
FNH:2
FNDA:3,Object.<anonymous>
FNDA:3,_interopRequireDefault
FNDA:0,AddItem
FNDA:0,RemoveItem
DA:1,3
DA:2,3
DA:3,3
DA:4,3
DA:5,3
DA:6,3
DA:7,3
DA:8,3
DA:9,3
DA:10,3
DA:11,3
DA:12,0
DA:13,0
DA:14,0
DA:15,0
DA:16,0
DA:17,0
DA:18,0
DA:19,0
DA:20,0
DA:21,0
DA:22,0
DA:23,0
DA:24,0
DA:25,0
DA:26,0
DA:27,0
DA:28,0
DA:29,0
DA:30,0
DA:31,0
DA:32,0
DA:33,0
DA:34,0
DA:35,0
DA:36,0
DA:37,3
DA:38,0
DA:39,0
DA:40,0
DA:41,0
DA:42,0
DA:43,0
DA:44,0
DA:45,0
LF:45
LH:12
BRDA:1,0,0,3
BRDA:1,1,0,3
BRDA:2,2,0,3
BRDA:5,3,0,0
BRF:4
BRH:3
end_of_record
TN:
SF:src\app\controllers\FeaturesProduct.js
FN:1,Object.<anonymous>
FN:2,_interopRequireDefault
FN:16,store
FNF:3
FNH:2
FNDA:3,Object.<anonymous>
FNDA:6,_interopRequireDefault
FNDA:0,store
DA:1,3
DA:2,3
DA:3,6
DA:4,6
DA:5,6
DA:6,3
DA:7,3
DA:8,3
DA:9,3
DA:10,3
DA:11,3
DA:12,3
DA:13,3
DA:14,3
DA:15,3
DA:16,3
DA:17,0
DA:18,0
DA:19,0
DA:20,0
DA:21,0
DA:22,0
DA:23,0
DA:24,0
DA:25,0
DA:26,0
DA:27,0
DA:28,0
DA:29,0
LF:29
LH:16
BRDA:1,0,0,3
BRDA:1,1,0,3
BRDA:2,2,0,6
BRDA:5,3,0,0
BRF:4
BRH:3
end_of_record
TN:
SF:src\app\controllers\LocationController.js
FN:1,Object.<anonymous>
FN:3,_interopRequireDefault
FN:21,store
FN:31,purchase_store
FN:37,update
FNF:5
FNH:3
FNDA:3,Object.<anonymous>
FNDA:9,_interopRequireDefault
FNDA:1,store
FNDA:0,purchase_store
FNDA:0,update
DA:1,3
DA:2,3
DA:3,9
DA:4,9
DA:5,9
DA:6,9
DA:7,3
DA:8,3
DA:9,3
DA:10,3
DA:11,3
DA:12,3
DA:13,3
DA:14,3
DA:15,3
DA:16,3
DA:17,3
DA:18,3
DA:19,3
DA:20,3
DA:21,3
DA:22,1
DA:23,1
DA:24,1
DA:25,1
DA:26,1
DA:27,1
DA:28,1
DA:29,1
DA:30,1
DA:31,3
DA:32,0
DA:33,0
DA:34,0
DA:35,0
DA:36,0
DA:37,3
DA:38,0
DA:39,0
DA:40,0
DA:41,0
DA:42,0
DA:43,0
DA:44,0
DA:45,0
LF:45
LH:32
BRDA:1,0,0,3
BRDA:1,1,0,3
BRDA:3,2,0,9
BRDA:6,3,0,6
BRDA:6,4,0,3
BRDA:21,5,0,1
BRF:6
BRH:6
end_of_record
TN:
SF:src\app\controllers\MessagesEmail.js
FN:1,Object.<anonymous>
FN:2,_interopRequireDefault
FN:18,sendMessageSeller
FN:56,sendMessageBuyer
FNF:4
FNH:2
FNDA:3,Object.<anonymous>
FNDA:6,_interopRequireDefault
FNDA:0,sendMessageSeller
FNDA:0,sendMessageBuyer
DA:1,3
DA:2,3
DA:3,6
DA:4,6
DA:5,6
DA:6,3
DA:7,3
DA:8,3
DA:9,3
DA:10,3
DA:11,3
DA:12,3
DA:13,3
DA:14,3
DA:15,3
DA:16,3
DA:17,3
DA:18,3
DA:19,0
DA:20,0
DA:21,0
DA:22,0
DA:23,0
DA:24,0
DA:25,0
DA:26,0
DA:27,0
DA:28,0
DA:29,0
DA:30,0
DA:31,0
DA:32,0
DA:33,0
DA:34,0
DA:35,0
DA:36,0
DA:37,0
DA:38,0
DA:39,0
DA:40,0
DA:41,0
DA:42,0
DA:43,0
DA:44,0
DA:45,0
DA:46,0
DA:47,0
DA:48,0
DA:49,0
DA:50,0
DA:51,0
DA:52,0
DA:53,0
DA:54,0
DA:55,0
DA:56,3
DA:57,0
DA:58,0
DA:59,0
DA:60,0
DA:61,0
DA:62,0
DA:63,0
DA:64,0
DA:65,0
DA:66,0
DA:67,0
DA:68,0
DA:69,0
DA:70,0
DA:71,0
DA:72,0
DA:73,0
DA:74,0
DA:75,0
DA:76,0
DA:77,0
DA:78,0
DA:79,0
DA:80,0
LF:80
LH:19
BRDA:1,0,0,3
BRDA:1,1,0,3
BRDA:2,2,0,6
BRDA:6,3,0,0
BRF:4
BRH:3
end_of_record
TN:
SF:src\app\controllers\PersonalData.js
FN:1,Object.<anonymous>
FN:2,_interopRequireDefault
FN:17,store
FN:26,update
FNF:4
FNH:3
FNDA:3,Object.<anonymous>
FNDA:6,_interopRequireDefault
FNDA:1,store
FNDA:0,update
DA:1,3
DA:2,3
DA:3,6
DA:4,6
DA:5,6
DA:6,3
DA:7,3
DA:8,3
DA:9,3
DA:10,3
DA:11,3
DA:12,3
DA:13,3
DA:14,3
DA:15,3
DA:16,3
DA:17,3
DA:18,1
DA:19,1
DA:20,1
DA:21,1
DA:22,1
DA:23,1
DA:24,1
DA:25,1
DA:26,3
DA:27,0
DA:28,0
DA:29,0
DA:30,0
DA:31,0
DA:32,0
DA:33,0
DA:34,0
DA:35,0
DA:36,0
LF:36
LH:26
BRDA:1,0,0,3
BRDA:1,1,0,3
BRDA:2,2,0,6
BRDA:6,3,0,0
BRDA:17,4,0,1
BRF:5
BRH:4
end_of_record
TN:
SF:src\app\controllers\ProductsController.js
FN:1,Object.<anonymous>
FN:2,_interopRequireDefault
FN:31,store
FN:47,update
FN:78,getOneProduct
FN:95,getAllProducts
FN:102,getAllProductsExceptMine
FN:119,getProductsByCategory
FN:125,getMyProducts
FN:143,DeleteProduct
FN:164,CartOfProducts
FN:188,FreteCalculate
FN:259,ChangeStatus
FNF:13
FNH:2
FNDA:3,Object.<anonymous>
FNDA:15,_interopRequireDefault
FNDA:0,store
FNDA:0,update
FNDA:0,getOneProduct
FNDA:0,getAllProducts
FNDA:0,getAllProductsExceptMine
FNDA:0,getProductsByCategory
FNDA:0,getMyProducts
FNDA:0,DeleteProduct
FNDA:0,CartOfProducts
FNDA:0,FreteCalculate
FNDA:0,ChangeStatus
DA:1,3
DA:2,3
DA:3,15
DA:4,15
DA:5,3
DA:6,3
DA:7,3
DA:8,3
DA:9,3
DA:10,3
DA:11,3
DA:12,3
DA:13,3
DA:14,3
DA:15,3
DA:16,3
DA:17,3
DA:18,3
DA:19,3
DA:20,3
DA:21,3
DA:22,3
DA:23,3
DA:24,3
DA:25,3
DA:26,3
DA:27,3
DA:28,3
DA:29,3
DA:30,3
DA:31,3
DA:32,0
DA:33,0
DA:34,0
DA:35,0
DA:36,0
DA:37,0
DA:38,0
DA:39,0
DA:40,0
DA:41,0
DA:42,0
DA:43,0
DA:44,0
DA:45,0
DA:46,0
DA:47,3
DA:48,0
DA:49,0
DA:50,0
DA:51,0
DA:52,0
DA:53,0
DA:54,0
DA:55,0
DA:56,0
DA:57,0
DA:58,0
DA:59,0
DA:60,0
DA:61,0
DA:62,0
DA:63,0
DA:64,0
DA:65,0
DA:66,0
DA:67,0
DA:68,0
DA:69,0
DA:70,0
DA:71,0
DA:72,0
DA:73,0
DA:74,0
DA:75,0
DA:76,0
DA:77,0
DA:78,3
DA:79,0
DA:80,0
DA:81,0
DA:82,0
DA:83,0
DA:84,0
DA:85,0
DA:86,0
DA:87,0
DA:88,0
DA:89,0
DA:90,0
DA:91,0
DA:92,0
DA:93,0
DA:94,0
DA:95,3
DA:96,0
DA:97,0
DA:98,0
DA:99,0
DA:100,0
DA:101,0
DA:102,3
DA:103,0
DA:104,0
DA:105,0
DA:106,0
DA:107,0
DA:108,0
DA:109,0
DA:110,0
DA:111,0
DA:112,0
DA:113,0
DA:114,0
DA:115,0
DA:116,0
DA:117,0
DA:118,0
DA:119,3
DA:120,0
DA:121,0
DA:122,0
DA:123,0
DA:124,0
DA:125,3
DA:126,0
DA:127,0
DA:128,0
DA:129,0
DA:130,0
DA:131,0
DA:132,0
DA:133,0
DA:134,0
DA:135,0
DA:136,0
DA:137,0
DA:138,0
DA:139,0
DA:140,0
DA:141,0
DA:142,0
DA:143,3
DA:144,0
DA:145,0
DA:146,0
DA:147,0
DA:148,0
DA:149,0
DA:150,0
DA:151,0
DA:152,0
DA:153,0
DA:154,0
DA:155,0
DA:156,0
DA:157,0
DA:158,0
DA:159,0
DA:160,0
DA:161,0
DA:162,0
DA:163,0
DA:164,3
DA:165,0
DA:166,0
DA:167,0
DA:168,0
DA:169,0
DA:170,0
DA:171,0
DA:172,0
DA:173,0
DA:174,0
DA:175,0
DA:176,0
DA:177,0
DA:178,0
DA:179,0
DA:180,0
DA:181,0
DA:182,0
DA:183,0
DA:184,0
DA:185,0
DA:186,0
DA:187,0
DA:188,3
DA:189,0
DA:190,0
DA:191,0
DA:192,0
DA:193,0
DA:194,0
DA:195,0
DA:196,0
DA:197,0
DA:198,0
DA:199,0
DA:200,0
DA:201,0
DA:202,0
DA:203,0
DA:204,0
DA:205,0
DA:206,0
DA:207,0
DA:208,0
DA:209,0
DA:210,0
DA:211,0
DA:212,0
DA:213,0
DA:214,0
DA:215,0
DA:216,0
DA:217,0
DA:218,0
DA:219,0
DA:220,0
DA:221,0
DA:222,0
DA:223,0
DA:224,0
DA:225,0
DA:226,0
DA:227,0
DA:228,0
DA:229,0
DA:230,0
DA:231,0
DA:232,0
DA:233,0
DA:234,0
DA:235,0
DA:236,0
DA:237,0
DA:238,0
DA:239,0
DA:240,0
DA:241,0
DA:242,0
DA:243,0
DA:244,0
DA:245,0
DA:246,0
DA:247,0
DA:248,0
DA:249,0
DA:250,0
DA:251,0
DA:252,0
DA:253,0
DA:254,0
DA:255,0
DA:256,0
DA:257,0
DA:258,0
DA:259,3
DA:260,0
DA:261,0
DA:262,0
DA:263,0
DA:264,0
DA:265,0
DA:266,0
DA:267,0
DA:268,0
LF:268
LH:41
BRDA:1,0,0,3
BRDA:1,1,0,3
BRDA:2,2,0,15
BRDA:4,3,0,0
BRF:4
BRH:3
end_of_record
TN:
SF:src\app\controllers\PurchaseController.js
FN:1,Object.<anonymous>
FN:3,_interopRequireDefault
FN:28,store
FN:130,GetAllPurchases_Buyer
FN:179,GetAllPurchases_Seller
FN:227,SellsDoneByProduct
FNF:6
FNH:2
FNDA:3,Object.<anonymous>
FNDA:18,_interopRequireDefault
FNDA:0,store
FNDA:0,GetAllPurchases_Buyer
FNDA:0,GetAllPurchases_Seller
FNDA:0,SellsDoneByProduct
DA:1,3
DA:2,3
DA:3,3
DA:4,18
DA:5,3
DA:6,3
DA:7,3
DA:8,3
DA:9,3
DA:10,3
DA:11,3
DA:12,3
DA:13,3
DA:14,3
DA:15,3
DA:16,3
DA:17,3
DA:18,3
DA:19,3
DA:20,3
DA:21,3
DA:22,3
DA:23,3
DA:24,3
DA:25,3
DA:26,3
DA:27,3
DA:28,3
DA:29,0
DA:30,0
DA:31,0
DA:32,0
DA:33,0
DA:34,0
DA:35,0
DA:36,0
DA:37,0
DA:38,0
DA:39,0
DA:40,0
DA:41,0
DA:42,0
DA:43,0
DA:44,0
DA:45,0
DA:46,0
DA:47,0
DA:48,0
DA:49,0
DA:50,0
DA:51,0
DA:52,0
DA:53,0
DA:54,0
DA:55,0
DA:56,0
DA:57,0
DA:58,0
DA:59,0
DA:60,0
DA:61,0
DA:62,0
DA:63,0
DA:64,0
DA:65,0
DA:66,0
DA:67,0
DA:68,0
DA:69,0
DA:70,0
DA:71,0
DA:72,0
DA:73,0
DA:74,0
DA:75,0
DA:76,0
DA:77,0
DA:78,0
DA:79,0
DA:80,0
DA:81,0
DA:82,0
DA:83,0
DA:84,0
DA:85,0
DA:86,0
DA:87,0
DA:88,0
DA:89,0
DA:90,0
DA:91,0
DA:92,0
DA:93,0
DA:94,0
DA:95,0
DA:96,0
DA:97,0
DA:98,0
DA:99,0
DA:100,0
DA:101,0
DA:102,0
DA:103,0
DA:104,0
DA:105,0
DA:106,0
DA:107,0
DA:108,0
DA:109,0
DA:110,0
DA:111,0
DA:112,0
DA:113,0
DA:114,0
DA:115,0
DA:116,0
DA:117,0
DA:118,0
DA:119,0
DA:120,0
DA:121,0
DA:122,0
DA:123,0
DA:124,0
DA:125,0
DA:126,0
DA:127,0
DA:128,0
DA:129,0
DA:130,3
DA:131,0
DA:132,0
DA:133,0
DA:134,0
DA:135,0
DA:136,0
DA:137,0
DA:138,0
DA:139,0
DA:140,0
DA:141,0
DA:142,0
DA:143,0
DA:144,0
DA:145,0
DA:146,0
DA:147,0
DA:148,0
DA:149,0
DA:150,0
DA:151,0
DA:152,0
DA:153,0
DA:154,0
DA:155,0
DA:156,0
DA:157,0
DA:158,0
DA:159,0
DA:160,0
DA:161,0
DA:162,0
DA:163,0
DA:164,0
DA:165,0
DA:166,0
DA:167,0
DA:168,0
DA:169,0
DA:170,0
DA:171,0
DA:172,0
DA:173,0
DA:174,0
DA:175,0
DA:176,0
DA:177,0
DA:178,0
DA:179,3
DA:180,0
DA:181,0
DA:182,0
DA:183,0
DA:184,0
DA:185,0
DA:186,0
DA:187,0
DA:188,0
DA:189,0
DA:190,0
DA:191,0
DA:192,0
DA:193,0
DA:194,0
DA:195,0
DA:196,0
DA:197,0
DA:198,0
DA:199,0
DA:200,0
DA:201,0
DA:202,0
DA:203,0
DA:204,0
DA:205,0
DA:206,0
DA:207,0
DA:208,0
DA:209,0
DA:210,0
DA:211,0
DA:212,0
DA:213,0
DA:214,0
DA:215,0
DA:216,0
DA:217,0
DA:218,0
DA:219,0
DA:220,0
DA:221,0
DA:222,0
DA:223,0
DA:224,0
DA:225,0
DA:226,0
DA:227,3
DA:228,0
DA:229,0
DA:230,0
DA:231,0
DA:232,0
DA:233,0
DA:234,0
DA:235,0
DA:236,0
DA:237,0
DA:238,0
DA:239,0
DA:240,0
DA:241,0
DA:242,0
DA:243,0
DA:244,0
DA:245,0
DA:246,0
DA:247,0
DA:248,0
DA:249,0
LF:249
LH:31
BRDA:1,0,0,3
BRDA:1,1,0,3
BRDA:3,2,0,18
BRDA:5,3,0,0
BRF:4
BRH:3
end_of_record
TN:
SF:src\app\controllers\SectionController.js
FN:1,Object.<anonymous>
FN:2,_interopRequireDefault
FN:32,store
FNF:3
FNH:3
FNDA:3,Object.<anonymous>
FNDA:18,_interopRequireDefault
FNDA:2,store
DA:1,3
DA:2,3
DA:3,18
DA:4,3
DA:5,3
DA:6,3
DA:7,3
DA:8,3
DA:9,3
DA:10,3
DA:11,3
DA:12,3
DA:13,3
DA:14,3
DA:15,3
DA:16,3
DA:17,3
DA:18,3
DA:19,3
DA:20,3
DA:21,3
DA:22,3
DA:23,3
DA:24,3
DA:25,3
DA:26,3
DA:27,3
DA:28,3
DA:29,3
DA:30,3
DA:31,3
DA:32,3
DA:33,2
DA:34,2
DA:35,2
DA:36,2
DA:37,2
DA:38,2
DA:39,2
DA:40,2
DA:41,2
DA:42,2
DA:43,2
DA:44,2
DA:45,2
DA:46,2
DA:47,2
DA:48,2
DA:49,2
DA:50,2
DA:51,2
DA:52,2
DA:53,2
DA:54,2
DA:55,2
DA:56,2
DA:57,2
DA:58,2
DA:59,2
DA:60,2
DA:61,2
DA:62,2
DA:63,2
DA:64,2
DA:65,2
DA:66,2
DA:67,2
DA:68,2
DA:69,2
DA:70,2
DA:71,2
DA:72,2
DA:73,2
DA:74,2
DA:75,2
DA:76,2
DA:77,2
DA:78,0
DA:79,2
DA:80,2
DA:81,2
DA:82,2
DA:83,2
DA:84,2
DA:85,2
LF:85
LH:84
BRDA:1,0,0,3
BRDA:1,1,0,3
BRDA:2,2,0,18
BRDA:4,3,0,15
BRDA:4,4,0,3
BRDA:32,5,0,2
BRDA:77,6,0,0
BRDA:85,7,0,1
BRF:8
BRH:7
end_of_record
TN:
SF:src\app\controllers\UserController.js
FN:1,Object.<anonymous>
FN:3,_interopRequireDefault
FN:33,store
FN:53,update
FNF:4
FNH:3
FNDA:3,Object.<anonymous>
FNDA:18,_interopRequireDefault
FNDA:7,store
FNDA:0,update
DA:1,3
DA:2,3
DA:3,3
DA:4,18
DA:5,3
DA:6,3
DA:7,3
DA:8,3
DA:9,3
DA:10,3
DA:11,3
DA:12,3
DA:13,3
DA:14,3
DA:15,3
DA:16,3
DA:17,3
DA:18,3
DA:19,3
DA:20,3
DA:21,3
DA:22,3
DA:23,3
DA:24,3
DA:25,3
DA:26,3
DA:27,3
DA:28,3
DA:29,3
DA:30,3
DA:31,3
DA:32,3
DA:33,3
DA:34,7
DA:35,7
DA:36,7
DA:37,7
DA:38,7
DA:39,1
DA:40,1
DA:41,7
DA:42,6
DA:43,6
DA:44,6
DA:45,6
DA:46,6
DA:47,6
DA:48,6
DA:49,6
DA:50,6
DA:51,6
DA:52,6
DA:53,3
DA:54,0
DA:55,0
DA:56,0
DA:57,0
DA:58,0
DA:59,0
DA:60,0
DA:61,0
DA:62,0
DA:63,0
DA:64,0
DA:65,0
DA:66,0
DA:67,0
DA:68,0
DA:69,0
DA:70,0
DA:71,0
DA:72,0
DA:73,0
DA:74,0
DA:75,0
DA:76,0
DA:77,0
DA:78,0
DA:79,0
DA:80,0
DA:81,0
DA:82,0
DA:83,0
DA:84,0
DA:85,0
DA:86,0
DA:87,0
DA:88,0
DA:89,0
DA:90,0
DA:91,0
DA:92,0
DA:93,0
DA:94,0
DA:95,0
DA:96,0
DA:97,0
DA:98,0
DA:99,0
DA:100,0
DA:101,0
DA:102,0
DA:103,0
DA:104,0
DA:105,0
DA:106,0
DA:107,0
DA:108,0
DA:109,0
DA:110,0
LF:110
LH:53
BRDA:1,0,0,3
BRDA:1,1,0,3
BRDA:3,2,0,18
BRDA:4,3,0,15
BRDA:4,4,0,3
BRDA:33,5,0,7
BRDA:38,6,0,1
BRDA:41,7,0,6
BRF:8
BRH:8
end_of_record
TN:
SF:src\app\middlewares\auth.js
FN:1,Object.<anonymous>
FN:3,_interopRequireDefault
FN:15,Object.<anonymous>.exports.default
FNF:3
FNH:3
FNDA:3,Object.<anonymous>
FNDA:6,_interopRequireDefault
FNDA:2,Object.<anonymous>.exports.default
DA:1,3
DA:2,3
DA:3,3
DA:4,6
DA:5,6
DA:6,3
DA:7,3
DA:8,3
DA:9,3
DA:10,3
DA:11,3
DA:12,3
DA:13,3
DA:14,3
DA:15,3
DA:16,2
DA:17,2
DA:18,2
DA:19,2
DA:20,2
DA:21,2
DA:22,0
DA:23,0
LF:23
LH:21
BRDA:1,0,0,3
BRDA:1,1,0,3
BRDA:3,2,0,6
BRDA:5,3,0,3
BRDA:5,4,0,3
BRDA:15,5,0,2
BRDA:21,6,0,0
BRF:7
BRH:6
end_of_record
TN:
SF:src\app\models\avatarpictures.js
FN:1,Object.<anonymous>
FN:3,_interopRequireDefault
FN:12,init
FNF:3
FNH:3
FNDA:3,Object.<anonymous>
FNDA:3,_interopRequireDefault
FNDA:3,init
DA:1,3
DA:2,3
DA:3,3
DA:4,3
DA:5,3
DA:6,3
DA:7,3
DA:8,3
DA:9,3
DA:10,3
DA:11,3
DA:12,3
DA:13,3
DA:14,3
DA:15,3
DA:16,3
DA:17,3
DA:18,3
DA:19,3
DA:20,3
DA:21,3
DA:22,3
DA:23,3
DA:24,3
DA:25,3
LF:25
LH:25
BRDA:1,0,0,3
BRDA:1,1,0,3
BRDA:3,2,0,3
BRDA:7,3,0,0
BRDA:12,4,0,3
BRF:5
BRH:4
end_of_record
TN:
SF:src\app\models\information.js
FN:1,Object.<anonymous>
FN:3,_interopRequireDefault
FN:12,init
FNF:3
FNH:3
FNDA:3,Object.<anonymous>
FNDA:3,_interopRequireDefault
FNDA:3,init
DA:1,3
DA:2,3
DA:3,3
DA:4,3
DA:5,3
DA:6,3
DA:7,3
DA:8,3
DA:9,3
DA:10,3
DA:11,3
DA:12,3
DA:13,3
DA:14,3
DA:15,3
DA:16,3
DA:17,3
DA:18,3
DA:19,3
DA:20,3
DA:21,3
DA:22,3
LF:22
LH:22
BRDA:1,0,0,3
BRDA:1,1,0,3
BRDA:3,2,0,3
BRDA:7,3,0,0
BRDA:12,4,0,3
BRF:5
BRH:4
end_of_record
TN:
SF:src\app\models\location.js
FN:1,Object.<anonymous>
FN:3,_interopRequireDefault
FN:12,init
FNF:3
FNH:3
FNDA:3,Object.<anonymous>
FNDA:3,_interopRequireDefault
FNDA:3,init
DA:1,3
DA:2,3
DA:3,3
DA:4,3
DA:5,3
DA:6,3
DA:7,3
DA:8,3
DA:9,3
DA:10,3
DA:11,3
DA:12,3
DA:13,3
DA:14,3
DA:15,3
DA:16,3
DA:17,3
DA:18,3
DA:19,3
DA:20,3
DA:21,3
DA:22,3
DA:23,3
DA:24,3
LF:24
LH:24
BRDA:1,0,0,3
BRDA:1,1,0,3
BRDA:3,2,0,3
BRDA:7,3,0,0
BRDA:12,4,0,3
BRF:5
BRH:4
end_of_record
TN:
SF:src\app\models\products.js
FN:1,Object.<anonymous>
FN:2,_interopRequireDefault
FN:16,init
FN:20,get
FN:27,get
FN:40,get
FN:54,get
FN:63,get
FNF:8
FNH:3
FNDA:3,Object.<anonymous>
FNDA:6,_interopRequireDefault
FNDA:3,init
FNDA:0,get
FNDA:0,get
FNDA:0,get
FNDA:0,get
FNDA:0,get
DA:1,3
DA:2,3
DA:3,6
DA:4,6
DA:5,6
DA:6,3
DA:7,3
DA:8,3
DA:9,3
DA:10,3
DA:11,3
DA:12,3
DA:13,3
DA:14,3
DA:15,3
DA:16,3
DA:17,3
DA:18,3
DA:19,3
DA:20,3
DA:21,0
DA:22,0
DA:23,3
DA:24,3
DA:25,3
DA:26,3
DA:27,3
DA:28,0
DA:29,0
DA:30,0
DA:31,3
DA:32,3
DA:33,3
DA:34,3
DA:35,3
DA:36,3
DA:37,3
DA:38,3
DA:39,3
DA:40,3
DA:41,0
DA:42,3
DA:43,3
DA:44,3
DA:45,3
DA:46,3
DA:47,3
DA:48,3
DA:49,3
DA:50,3
DA:51,3
DA:52,3
DA:53,3
DA:54,3
DA:55,3
DA:56,3
DA:57,3
DA:58,3
DA:59,3
DA:60,3
DA:61,3
DA:62,3
DA:63,3
LF:63
LH:57
BRDA:1,0,0,3
BRDA:1,1,0,3
BRDA:2,2,0,6
BRDA:5,3,0,3
BRDA:5,4,0,3
BRDA:16,5,0,3
BRF:6
BRH:6
end_of_record
TN:
SF:src\app\models\productsfeatures.js
FN:1,Object.<anonymous>
FN:3,_interopRequireDefault
FN:12,init
FNF:3
FNH:3
FNDA:3,Object.<anonymous>
FNDA:3,_interopRequireDefault
FNDA:3,init
DA:1,3
DA:2,3
DA:3,3
DA:4,3
DA:5,3
DA:6,3
DA:7,3
DA:8,3
DA:9,3
DA:10,3
DA:11,3
DA:12,3
DA:13,3
DA:14,3
DA:15,3
DA:16,3
DA:17,3
DA:18,3
DA:19,3
DA:20,3
DA:21,3
DA:22,3
DA:23,3
LF:23
LH:23
BRDA:1,0,0,3
BRDA:1,1,0,3
BRDA:3,2,0,3
BRDA:7,3,0,0
BRDA:12,4,0,3
BRF:5
BRH:4
end_of_record
TN:
SF:src\app\models\purchases.js
FN:1,Object.<anonymous>
FN:3,_interopRequireDefault
FN:11,init
FN:26,get
FN:35,get
FN:40,associate
FNF:6
FNH:4
FNDA:3,Object.<anonymous>
FNDA:3,_interopRequireDefault
FNDA:3,init
FNDA:0,get
FNDA:0,get
FNDA:3,associate
DA:1,3
DA:2,3
DA:3,3
DA:4,3
DA:5,3
DA:6,3
DA:7,3
DA:8,3
DA:9,3
DA:10,3
DA:11,3
DA:12,3
DA:13,3
DA:14,3
DA:15,3
DA:16,3
DA:17,3
DA:18,3
DA:19,3
DA:20,3
DA:21,3
DA:22,3
DA:23,3
DA:24,3
DA:25,3
DA:26,3
DA:27,0
DA:28,0
DA:29,0
DA:30,0
DA:31,0
DA:32,0
DA:33,0
DA:34,3
DA:35,3
DA:36,0
DA:37,0
DA:38,3
DA:39,3
DA:40,3
DA:41,3
DA:42,3
DA:43,3
DA:44,3
DA:45,3
DA:46,3
DA:47,3
LF:47
LH:38
BRDA:1,0,0,3
BRDA:1,1,0,3
BRDA:3,2,0,3
BRDA:7,3,0,0
BRDA:11,4,0,3
BRDA:40,5,0,3
BRF:6
BRH:5
end_of_record
TN:
SF:src\app\models\user.js
FN:1,Object.<anonymous>
FN:2,_interopRequireDefault
FN:16,init
FN:43,associate
FNF:4
FNH:4
FNDA:3,Object.<anonymous>
FNDA:6,_interopRequireDefault
FNDA:3,init
FNDA:3,associate
DA:1,3
DA:2,3
DA:3,6
DA:4,6
DA:5,6
DA:6,6
DA:7,6
DA:8,3
DA:9,3
DA:10,3
DA:11,3
DA:12,3
DA:13,3
DA:14,3
DA:15,3
DA:16,3
DA:17,3
DA:18,3
DA:19,3
DA:20,3
DA:21,3
DA:22,3
DA:23,3
DA:24,3
DA:25,3
DA:26,3
DA:27,3
DA:28,3
DA:29,3
DA:30,3
DA:31,3
DA:32,3
DA:33,3
DA:34,3
DA:35,9
DA:36,9
DA:37,9
DA:38,7
DA:39,3
DA:40,3
DA:41,3
DA:42,3
DA:43,3
DA:44,3
DA:45,3
DA:46,3
DA:47,3
DA:48,3
LF:48
LH:48
BRDA:1,0,0,3
BRDA:1,1,0,3
BRDA:2,2,0,6
BRDA:6,3,0,0
BRDA:16,4,0,3
BRDA:34,5,0,9
BRDA:37,6,0,7
BRDA:43,7,0,3
BRF:8
BRH:7
end_of_record
TN:
SF:src\app\validators\LocationStore.js
FN:1,Object.<anonymous>
FN:4,_interopRequireWildcard
FN:15,Object.<anonymous>.exports.default
FNF:3
FNH:3
FNDA:3,Object.<anonymous>
FNDA:3,_interopRequireWildcard
FNDA:1,Object.<anonymous>.exports.default
DA:1,3
DA:2,3
DA:3,3
DA:4,3
DA:5,3
DA:6,3
DA:7,0
DA:8,0
DA:9,0
DA:10,0
DA:11,3
DA:12,3
DA:13,3
DA:14,3
DA:15,3
DA:16,1
DA:17,1
DA:18,1
DA:19,1
DA:20,1
DA:21,1
DA:22,1
DA:23,1
LF:23
LH:19
BRDA:1,0,0,3
BRDA:1,1,0,3
BRDA:4,2,0,3
BRDA:6,3,0,0
BRDA:15,4,0,1
BRF:5
BRH:4
end_of_record
TN:
SF:src\app\validators\LocationUpdate.js
FN:1,Object.<anonymous>
FN:4,_interopRequireWildcard
FN:15,Object.<anonymous>.exports.default
FNF:3
FNH:2
FNDA:3,Object.<anonymous>
FNDA:3,_interopRequireWildcard
FNDA:0,Object.<anonymous>.exports.default
DA:1,3
DA:2,3
DA:3,3
DA:4,3
DA:5,3
DA:6,3
DA:7,0
DA:8,0
DA:9,0
DA:10,0
DA:11,3
DA:12,3
DA:13,3
DA:14,3
DA:15,3
DA:16,0
DA:17,0
DA:18,0
DA:19,0
DA:20,0
DA:21,0
DA:22,0
DA:23,0
LF:23
LH:11
BRDA:1,0,0,3
BRDA:1,1,0,3
BRDA:4,2,0,3
BRDA:6,3,0,0
BRF:4
BRH:3
end_of_record
TN:
SF:src\app\validators\PersonalDataStore.js
FN:1,Object.<anonymous>
FN:4,_interopRequireWildcard
FN:17,Object.<anonymous>.exports.default
FNF:3
FNH:3
FNDA:3,Object.<anonymous>
FNDA:3,_interopRequireWildcard
FNDA:1,Object.<anonymous>.exports.default
DA:1,3
DA:2,3
DA:3,3
DA:4,3
DA:5,3
DA:6,3
DA:7,0
DA:8,0
DA:9,0
DA:10,0
DA:11,0
DA:12,0
DA:13,3
DA:14,3
DA:15,3
DA:16,3
DA:17,1
DA:18,1
DA:19,1
DA:20,1
DA:21,1
LF:21
LH:15
BRDA:1,0,0,3
BRDA:1,1,0,3
BRDA:4,2,0,3
BRDA:6,3,0,0
BRDA:17,4,0,1
BRF:5
BRH:4
end_of_record
TN:
SF:src\app\validators\PersonalDataUpdate.js
FN:1,Object.<anonymous>
FN:4,_interopRequireWildcard
FN:17,Object.<anonymous>.exports.default
FNF:3
FNH:2
FNDA:3,Object.<anonymous>
FNDA:3,_interopRequireWildcard
FNDA:0,Object.<anonymous>.exports.default
DA:1,3
DA:2,3
DA:3,3
DA:4,3
DA:5,3
DA:6,3
DA:7,0
DA:8,0
DA:9,0
DA:10,0
DA:11,0
DA:12,0
DA:13,3
DA:14,3
DA:15,3
DA:16,3
DA:17,0
DA:18,0
DA:19,0
DA:20,0
DA:21,0
LF:21
LH:10
BRDA:1,0,0,3
BRDA:1,1,0,3
BRDA:4,2,0,3
BRDA:6,3,0,0
BRF:4
BRH:3
end_of_record
TN:
SF:src\app\validators\ProductStore.js
FN:1,Object.<anonymous>
FN:4,_interopRequireWildcard
FN:14,Object.<anonymous>.exports.default
FNF:3
FNH:2
FNDA:3,Object.<anonymous>
FNDA:3,_interopRequireWildcard
FNDA:0,Object.<anonymous>.exports.default
DA:1,3
DA:2,3
DA:3,3
DA:4,3
DA:5,3
DA:6,3
DA:7,0
DA:8,0
DA:9,0
DA:10,0
DA:11,3
DA:12,3
DA:13,3
DA:14,3
DA:15,0
DA:16,0
DA:17,0
DA:18,0
DA:19,0
DA:20,0
DA:21,0
DA:22,0
LF:22
LH:10
BRDA:1,0,0,3
BRDA:1,1,0,3
BRDA:4,2,0,3
BRDA:6,3,0,0
BRF:4
BRH:3
end_of_record
TN:
SF:src\app\validators\ProductUpdate.js
FN:1,Object.<anonymous>
FN:4,_interopRequireWildcard
FN:18,Object.<anonymous>.exports.default
FNF:3
FNH:2
FNDA:3,Object.<anonymous>
FNDA:3,_interopRequireWildcard
FNDA:0,Object.<anonymous>.exports.default
DA:1,3
DA:2,3
DA:3,3
DA:4,3
DA:5,3
DA:6,3
DA:7,0
DA:8,0
DA:9,0
DA:10,0
DA:11,0
DA:12,0
DA:13,0
DA:14,0
DA:15,3
DA:16,3
DA:17,3
DA:18,3
DA:19,0
DA:20,0
LF:20
LH:10
BRDA:1,0,0,3
BRDA:1,1,0,3
BRDA:4,2,0,3
BRDA:6,3,0,0
BRF:4
BRH:3
end_of_record
TN:
SF:src\app\validators\PurchaseStore.js
FN:1,Object.<anonymous>
FN:4,_interopRequireWildcard
FN:16,Object.<anonymous>.exports.default
FNF:3
FNH:2
FNDA:3,Object.<anonymous>
FNDA:3,_interopRequireWildcard
FNDA:0,Object.<anonymous>.exports.default
DA:1,3
DA:2,3
DA:3,3
DA:4,3
DA:5,3
DA:6,3
DA:7,0
DA:8,0
DA:9,0
DA:10,0
DA:11,3
DA:12,3
DA:13,3
DA:14,3
DA:15,3
DA:16,3
DA:17,0
DA:18,0
DA:19,0
DA:20,0
DA:21,0
LF:21
LH:12
BRDA:1,0,0,3
BRDA:1,1,0,3
BRDA:4,2,0,3
BRDA:6,3,0,0
BRF:4
BRH:3
end_of_record
TN:
SF:src\app\validators\SectionStore.js
FN:1,Object.<anonymous>
FN:4,_interopRequireWildcard
FNF:2
FNH:2
FNDA:3,Object.<anonymous>
FNDA:3,_interopRequireWildcard
DA:1,3
DA:2,3
DA:3,3
DA:4,3
DA:5,3
DA:6,3
DA:7,0
DA:8,0
DA:9,0
DA:10,0
DA:11,0
DA:12,0
DA:13,0
DA:14,0
DA:15,0
DA:16,3
DA:17,3
DA:18,3
LF:18
LH:9
BRDA:1,0,0,3
BRDA:1,1,0,3
BRDA:4,2,0,3
BRDA:6,3,0,0
BRF:4
BRH:3
end_of_record
TN:
SF:src\app\validators\SendingFeatures.js
FN:1,Object.<anonymous>
FN:4,_interopRequireWildcard
FN:19,Object.<anonymous>.exports.default
FNF:3
FNH:2
FNDA:3,Object.<anonymous>
FNDA:3,_interopRequireWildcard
FNDA:0,Object.<anonymous>.exports.default
DA:1,3
DA:2,3
DA:3,3
DA:4,3
DA:5,3
DA:6,3
DA:7,0
DA:8,0
DA:9,0
DA:10,0
DA:11,0
DA:12,0
DA:13,0
DA:14,3
DA:15,3
DA:16,3
DA:17,3
DA:18,3
DA:19,3
DA:20,0
DA:21,0
DA:22,0
LF:22
LH:12
BRDA:1,0,0,3
BRDA:1,1,0,3
BRDA:4,2,0,3
BRDA:6,3,0,0
BRF:4
BRH:3
end_of_record
TN:
SF:src\app\validators\UserStore.js
FN:1,Object.<anonymous>
FN:4,_interopRequireWildcard
FN:17,Object.<anonymous>.exports.default
FNF:3
FNH:3
FNDA:3,Object.<anonymous>
FNDA:3,_interopRequireWildcard
FNDA:7,Object.<anonymous>.exports.default
DA:1,3
DA:2,3
DA:3,3
DA:4,3
DA:5,3
DA:6,3
DA:7,0
DA:8,0
DA:9,0
DA:10,0
DA:11,0
DA:12,0
DA:13,0
DA:14,3
DA:15,3
DA:16,3
DA:17,3
DA:18,7
DA:19,7
LF:19
LH:12
BRDA:1,0,0,3
BRDA:1,1,0,3
BRDA:4,2,0,3
BRDA:6,3,0,0
BRDA:17,4,0,7
BRF:5
BRH:4
end_of_record
TN:
SF:src\app\validators\UserUpdate.js
FN:1,Object.<anonymous>
FN:4,_interopRequireWildcard
FN:16,Object.<anonymous>.exports.default
FNF:3
FNH:2
FNDA:3,Object.<anonymous>
FNDA:3,_interopRequireWildcard
FNDA:0,Object.<anonymous>.exports.default
DA:1,3
DA:2,3
DA:3,3
DA:4,3
DA:5,3
DA:6,3
DA:7,3
DA:8,0
DA:9,0
DA:10,0
DA:11,0
DA:12,3
DA:13,3
DA:14,3
DA:15,3
DA:16,3
DA:17,0
DA:18,0
DA:19,0
DA:20,0
DA:21,0
DA:22,0
DA:23,0
DA:24,0
LF:24
LH:12
BRDA:1,0,0,3
BRDA:1,1,0,3
BRDA:4,2,0,3
BRDA:7,3,0,0
BRF:4
BRH:3
end_of_record
